0 info it worked if it ends with ok
1 verbose cli [ 'node', '/usr/local/bin/npm', 'info', 'wiggin' ]
2 info using npm@1.3.24
3 info using node@v0.10.25
4 verbose url raw wiggin
5 verbose url resolving [ 'https://registry.npmjs.org/', './wiggin' ]
6 verbose url resolved https://registry.npmjs.org/wiggin
7 info trying registry request attempt 1 at 23:58:13
8 http GET https://registry.npmjs.org/wiggin
9 http 404 https://registry.npmjs.org/wiggin
10 silly registry.get cb [ 404,
10 silly registry.get   { date: 'Sun, 16 Feb 2014 07:58:14 GMT',
10 silly registry.get     server: 'CouchDB/1.5.0 (Erlang OTP/R16B)',
10 silly registry.get     'content-type': 'application/json',
10 silly registry.get     via: '1.1 varnish',
10 silly registry.get     'cache-control': 'max-age=0',
10 silly registry.get     'content-length': '52',
10 silly registry.get     'accept-ranges': 'bytes',
10 silly registry.get     age: '0',
10 silly registry.get     'x-served-by': 'cache-v44-ASH, cache-lax1423-LAX',
10 silly registry.get     'x-cache': 'MISS, MISS',
10 silly registry.get     'x-cache-hits': '0, 0',
10 silly registry.get     'x-timer': 'S1392537494.215567112,VS0,VS30,VE119,VE153',
10 silly registry.get     'keep-alive': 'timeout=10, max=50',
10 silly registry.get     connection: 'Keep-Alive' } ]
11 error 404 'wiggin' is not in the npm registry.
11 error 404 You should bug the author to publish it
11 error 404
11 error 404 Note that you can also install from a
11 error 404 tarball, folder, or http url, or git url.
12 error System Darwin 13.0.2
13 error command "node" "/usr/local/bin/npm" "info" "wiggin"
14 error cwd /Users/ded/work/xoop
15 error node -v v0.10.25
16 error npm -v 1.3.24
17 error code E404
18 verbose exit [ 1, true ]
